DEV_KW/MDM_Teacher_0.1.5/app/build/outputs/logs/manifest-merger-release-report.txt
-- Merging decision tree log ---
manifest
ADDED from src\main\AndroidManifest.xml:2:1-53:12
	package
		ADDED from src\main\AndroidManifest.xml:4:11-41
		INJECTED from src\main\AndroidManifest.xml
		INJECTED from src\main\AndroidManifest.xml
	android:versionName
		INJECTED from src\main\AndroidManifest.xml
		INJECTED from src\main\AndroidManifest.xml
	xmlns:tools
		ADDED from src\main\AndroidManifest.xml:3:11-57
	xmlns:android
		ADDED from src\main\AndroidManifest.xml:2:11-69
	android:versionCode
		INJECTED from src\main\AndroidManifest.xml
		INJECTED from src\main\AndroidManifest.xml
uses-permission#android.permission.INTERNET
ADDED from src\main\AndroidManifest.xml:6:5-66
MERGED from [MDM_TeacherCopy:zxing:unspecified] AndroidManifest.xml:28:5-67
	android:name
		ADDED from src\main\AndroidManifest.xml:6:22-64
uses-permission#android.permission.ACCESS_NETWORK_STATE
ADDED from src\main\AndroidManifest.xml:7:5-78
	android:name
		ADDED from src\main\AndroidManifest.xml:7:22-76
uses-permission#android.permission.WRITE_EXTERNAL_STORAGE
ADDED from src\main\AndroidManifest.xml:8:5-80
MERGED from [MDM_TeacherCopy:zxing:unspecified] AndroidManifest.xml:33:5-81
	android:name
		ADDED from src\main\AndroidManifest.xml:8:22-78
uses-permission#android.permission.READ_EXTERNAL_STORAGE
ADDED from src\main\AndroidManifest.xml:9:5-79
	android:name
		ADDED from src\main\AndroidManifest.xml:9:22-77
uses-permission#android.permission.RECORD_AUDIO
ADDED from src\main\AndroidManifest.xml:10:5-70
	android:name
		ADDED from src\main\AndroidManifest.xml:10:22-68
uses-permission#android.permission.MOUNT_UNMOUNT_FILESYSTEMS
ADDED from src\main\AndroidManifest.xml:11:5-83
	android:name
		ADDED from src\main\AndroidManifest.xml:11:22-81
uses-permission#android.permission.READ_PHONE_STATE
ADDED from src\main\AndroidManifest.xml:13:5-74
	android:name
		ADDED from src\main\AndroidManifest.xml:13:22-72
application
ADDED from src\main\AndroidManifest.xml:15:5-51:19
MERGED from [MDM_TeacherCopy:zxing:unspecified] AndroidManifest.xml:67:5-207:19
MERGED from [MDM_TeacherCopy:photoview:unspecified] AndroidManifest.xml:11:5-28:19
MERGED from [org.xutils:xutils:3.5.0] AndroidManifest.xml:12:5-20
MERGED from [MDM_TeacherCopy:lfilepickerlibrary:unspecified] AndroidManifest.xml:11:5-18:19
MERGED from [com.android.support:appcompat-v7:25.0.1] AndroidManifest.xml:25:5-20
MERGED from [com.android.support:animated-vector-drawable:25.0.1] AndroidManifest.xml:22:5-20
MERGED from [com.android.support:support-vector-drawable:25.0.1] AndroidManifest.xml:23:5-20
MERGED from [com.android.support:support-v4:25.0.1] AndroidManifest.xml:25:5-20
MERGED from [com.android.support:support-fragment:25.0.1] AndroidManifest.xml:25:5-20
MERGED from [com.android.support:support-media-compat:25.0.1] AndroidManifest.xml:25:5-20
MERGED from [com.android.support:support-core-ui:25.0.1] AndroidManifest.xml:25:5-20
MERGED from [com.android.support:support-core-utils:25.0.1] AndroidManifest.xml:25:5-20
MERGED from [com.android.support:support-compat:25.0.1] AndroidManifest.xml:25:5-20
	android:label
		ADDED from src\main\AndroidManifest.xml:20:9-41
		REJECTED from [MDM_TeacherCopy:zxing:unspecified] AndroidManifest.xml:70:9-47
		REJECTED from [MDM_TeacherCopy:photoview:unspecified] AndroidManifest.xml:15:9-41
	android:supportsRtl
		ADDED from src\main\AndroidManifest.xml:21:9-35
	android:hardwareAccelerated
		ADDED from src\main\AndroidManifest.xml:18:9-43
	android:allowBackup
		ADDED from src\main\AndroidManifest.xml:17:9-35
		REJECTED from [MDM_TeacherCopy:zxing:unspecified] AndroidManifest.xml:68:9-35
		REJECTED from [MDM_TeacherCopy:photoview:unspecified] AndroidManifest.xml:12:9-35
		REJECTED from [MDM_TeacherCopy:lfilepickerlibrary:unspecified] AndroidManifest.xml:12:9-35
	android:icon
		ADDED from src\main\AndroidManifest.xml:19:9-43
		REJECTED from [MDM_TeacherCopy:zxing:unspecified] AndroidManifest.xml:69:9-47
		REJECTED from [MDM_TeacherCopy:photoview:unspecified] AndroidManifest.xml:14:9-45
	android:theme
		ADDED from src\main\AndroidManifest.xml:22:9-56
	tools:replace
		ADDED from src\main\AndroidManifest.xml:23:9-84
	android:logo
		ADDED from [MDM_TeacherCopy:zxing:unspecified] AndroidManifest.xml:71:9-47
	android:name
		ADDED from src\main\AndroidManifest.xml:16:9-50
activity#cn.kiway.mdm.activity.MainActivity
ADDED from src\main\AndroidManifest.xml:24:9-34:20
	android:screenOrientation
		ADDED from src\main\AndroidManifest.xml:28:13-49
	android:launchMode
		ADDED from src\main\AndroidManifest.xml:27:13-44
	android:configChanges
		ADDED from src\main\AndroidManifest.xml:26:13-74
	android:name
		ADDED from src\main\AndroidManifest.xml:25:13-62
intent-filter#android.intent.action.MAIN+android.intent.category.LAUNCHER
ADDED from src\main\AndroidManifest.xml:29:13-33:29
action#android.intent.action.MAIN
ADDED from src\main\AndroidManifest.xml:30:17-68
	android:name
		ADDED from src\main\AndroidManifest.xml:30:25-66
category#android.intent.category.LAUNCHER
ADDED from src\main\AndroidManifest.xml:32:17-76
	android:name
		ADDED from src\main\AndroidManifest.xml:32:27-74
activity#cn.kiway.mdm.activity.NoNetActivity
ADDED from src\main\AndroidManifest.xml:35:9-37:61
	android:screenOrientation
		ADDED from src\main\AndroidManifest.xml:37:13-49
	android:name
		ADDED from src\main\AndroidManifest.xml:36:13-63
activity#cn.kiway.mdm.scoket.ScreenActivity
ADDED from src\main\AndroidManifest.xml:39:9-41:61
	android:screenOrientation
		ADDED from src\main\AndroidManifest.xml:41:13-49
	android:name
		ADDED from src\main\AndroidManifest.xml:40:13-62
activity#cn.kiway.mdm.activity.ViewPhotosActivity
ADDED from src\main\AndroidManifest.xml:42:9-44:61
	android:screenOrientation
		ADDED from src\main\AndroidManifest.xml:44:13-49
	android:name
		ADDED from src\main\AndroidManifest.xml:43:13-68
receiver#cn.kiway.mdm.broadcast.NetChangeReceiver
ADDED from src\main\AndroidManifest.xml:46:9-50:20
	android:name
		ADDED from src\main\AndroidManifest.xml:46:19-74
intent-filter#android.net.conn.CONNECTIVITY_CHANGE
ADDED from src\main\AndroidManifest.xml:47:13-49:29
action#android.net.conn.CONNECTIVITY_CHANGE
ADDED from src\main\AndroidManifest.xml:48:17-78
	android:name
		ADDED from src\main\AndroidManifest.xml:48:25-76
uses-sdk
INJECTED from src\main\AndroidManifest.xml reason: use-sdk injection requested
MERGED from [MDM_TeacherCopy:zxing:unspecified] AndroidManifest.xml:23:5-25:41
MERGED from [MDM_TeacherCopy:photoview:unspecified] AndroidManifest.xml:7:5-9:41
MERGED from [org.xutils:xutils:3.5.0] AndroidManifest.xml:8:5-10:41
MERGED from [MDM_TeacherCopy:lfilepickerlibrary:unspecified] AndroidManifest.xml:7:5-9:41
MERGED from [com.android.support:appcompat-v7:25.0.1] AndroidManifest.xml:21:5-23:78
MERGED from [com.android.support:animated-vector-drawable:25.0.1] AndroidManifest.xml:20:5-44
MERGED from [com.android.support:support-vector-drawable:25.0.1] AndroidManifest.xml:21:5-43
MERGED from [com.android.support:recyclerview-v7:23.4.0] AndroidManifest.xml:20:5-43
MERGED from [com.android.support:support-v4:25.0.1] AndroidManifest.xml:21:5-23:54
MERGED from [com.android.support:support-fragment:25.0.1] AndroidManifest.xml:21:5-23:60
MERGED from [com.android.support:support-media-compat:25.0.1] AndroidManifest.xml:21:5-23:63
MERGED from [com.android.support:support-core-ui:25.0.1] AndroidManifest.xml:21:5-23:58
MERGED from [com.android.support:support-core-utils:25.0.1] AndroidManifest.xml:21:5-23:61
MERGED from [com.android.support:support-compat:25.0.1] AndroidManifest.xml:21:5-23:58
MERGED from [top.zibin:Luban:1.1.3] AndroidManifest.xml:7:5-9:41
	tools:overrideLibrary
		ADDED from [com.android.support:appcompat-v7:25.0.1] AndroidManifest.xml:23:9-75
	android:targetSdkVersion
		INJECTED from src\main\AndroidManifest.xml
		INJECTED from src\main\AndroidManifest.xml
	android:minSdkVersion
		INJECTED from src\main\AndroidManifest.xml
		INJECTED from src\main\AndroidManifest.xml
uses-permission#android.permission.CAMERA
ADDED from [MDM_TeacherCopy:zxing:unspecified] AndroidManifest.xml:27:5-65
	android:name
		ADDED from [MDM_TeacherCopy:zxing:unspecified] AndroidManifest.xml:27:22-62
uses-permission#android.permission.VIBRATE
ADDED from [MDM_TeacherCopy:zxing:unspecified] AndroidManifest.xml:29:5-66
	android:name
		ADDED from [MDM_TeacherCopy:zxing:unspecified] AndroidManifest.xml:29:22-63
uses-permission#android.permission.FLASHLIGHT
ADDED from [MDM_TeacherCopy:zxing:unspecified] AndroidManifest.xml:30:5-69
	android:name
		ADDED from [MDM_TeacherCopy:zxing:unspecified] AndroidManifest.xml:30:22-66
uses-permission#android.permission.READ_CONTACTS
ADDED from [MDM_TeacherCopy:zxing:unspecified] AndroidManifest.xml:31:5-72
	android:name
		ADDED from [MDM_TeacherCopy:zxing:unspecified] AndroidManifest.xml:31:22-69
uses-permission#com.android.browser.permission.READ_HISTORY_BOOKMARKS
ADDED from [MDM_TeacherCopy:zxing:unspecified] AndroidManifest.xml:32:5-93
	android:name
		ADDED from [MDM_TeacherCopy:zxing:unspecified] AndroidManifest.xml:32:22-90
uses-permission#android.permission.CHANGE_WIFI_STATE
ADDED from [MDM_TeacherCopy:zxing:unspecified] AndroidManifest.xml:34:5-76
	android:name
		ADDED from [MDM_TeacherCopy:zxing:unspecified] AndroidManifest.xml:34:22-73
uses-permission#android.permission.ACCESS_WIFI_STATE
ADDED from [MDM_TeacherCopy:zxing:unspecified] AndroidManifest.xml:35:5-76
	android:name
		ADDED from [MDM_TeacherCopy:zxing:unspecified] AndroidManifest.xml:35:22-73
uses-feature#android.hardware.camera
ADDED from [MDM_TeacherCopy:zxing:unspecified] AndroidManifest.xml:38:5-40:36
	android:required
		ADDED from [MDM_TeacherCopy:zxing:unspecified] AndroidManifest.xml:40:9-33
	android:name
		ADDED from [MDM_TeacherCopy:zxing:unspecified] AndroidManifest.xml:39:9-47
uses-feature#android.hardware.camera.front
ADDED from [MDM_TeacherCopy:zxing:unspecified] AndroidManifest.xml:41:5-43:36
	android:required
		ADDED from [MDM_TeacherCopy:zxing:unspecified] AndroidManifest.xml:43:9-33
	android:name
		ADDED from [MDM_TeacherCopy:zxing:unspecified] AndroidManifest.xml:42:9-53
uses-feature#android.hardware.camera.autofocus
ADDED from [MDM_TeacherCopy:zxing:unspecified] AndroidManifest.xml:46:5-48:36
	android:required
		ADDED from [MDM_TeacherCopy:zxing:unspecified] AndroidManifest.xml:48:9-33
	android:name
		ADDED from [MDM_TeacherCopy:zxing:unspecified] AndroidManifest.xml:47:9-57
uses-feature#android.hardware.camera.flash
ADDED from [MDM_TeacherCopy:zxing:unspecified] AndroidManifest.xml:49:5-51:36
	android:required
		ADDED from [MDM_TeacherCopy:zxing:unspecified] AndroidManifest.xml:51:9-33
	android:name
		ADDED from [MDM_TeacherCopy:zxing:unspecified] AndroidManifest.xml:50:9-53
uses-feature#android.hardware.screen.landscape
ADDED from [MDM_TeacherCopy:zxing:unspecified] AndroidManifest.xml:52:5-70
	android:name
		ADDED from [MDM_TeacherCopy:zxing:unspecified] AndroidManifest.xml:52:19-67
uses-feature#android.hardware.wifi
ADDED from [MDM_TeacherCopy:zxing:unspecified] AndroidManifest.xml:53:5-55:36
	android:required
		ADDED from [MDM_TeacherCopy:zxing:unspecified] AndroidManifest.xml:55:9-33
	android:name
		ADDED from [MDM_TeacherCopy:zxing:unspecified] AndroidManifest.xml:54:9-45
uses-feature#android.hardware.touchscreen
ADDED from [MDM_TeacherCopy:zxing:unspecified] AndroidManifest.xml:57:5-65
	android:name
		ADDED from [MDM_TeacherCopy:zxing:unspecified] AndroidManifest.xml:57:19-62
supports-screens
ADDED from [MDM_TeacherCopy:zxing:unspecified] AndroidManifest.xml:60:5-65:40
	android:largeScreens
		ADDED from [MDM_TeacherCopy:zxing:unspecified] AndroidManifest.xml:62:9-36
	android:smallScreens
		ADDED from [MDM_TeacherCopy:zxing:unspecified] AndroidManifest.xml:64:9-36
	android:normalScreens
		ADDED from [MDM_TeacherCopy:zxing:unspecified] AndroidManifest.xml:63:9-37
	android:xlargeScreens
		ADDED from [MDM_TeacherCopy:zxing:unspecified] AndroidManifest.xml:65:9-37
	android:anyDensity
		ADDED from [MDM_TeacherCopy:zxing:unspecified] AndroidManifest.xml:61:9-34
activity#com.google.zxing.client.android.CaptureActivity
ADDED from [MDM_TeacherCopy:zxing:unspecified] AndroidManifest.xml:72:9-139:20
	android:clearTaskOnLaunch
		ADDED from [MDM_TeacherCopy:zxing:unspecified] AndroidManifest.xml:74:13-45
	android:screenOrientation
		ADDED from [MDM_TeacherCopy:zxing:unspecified] AndroidManifest.xml:75:13-49
	android:stateNotNeeded
		ADDED from [MDM_TeacherCopy:zxing:unspecified] AndroidManifest.xml:76:13-42
	android:windowSoftInputMode
		ADDED from [MDM_TeacherCopy:zxing:unspecified] AndroidManifest.xml:78:13-60
	android:theme
		ADDED from [MDM_TeacherCopy:zxing:unspecified] AndroidManifest.xml:77:13-48
	android:name
		ADDED from [MDM_TeacherCopy:zxing:unspecified] AndroidManifest.xml:73:13-75
intent-filter#android.intent.category.DEFAULT+com.google.zxing.client.android.SCAN
ADDED from [MDM_TeacherCopy:zxing:unspecified] AndroidManifest.xml:86:13-90:29
action#com.google.zxing.client.android.SCAN
ADDED from [MDM_TeacherCopy:zxing:unspecified] AndroidManifest.xml:87:17-79
	android:name
		ADDED from [MDM_TeacherCopy:zxing:unspecified] AndroidManifest.xml:87:25-76
category#android.intent.category.DEFAULT
ADDED from [MDM_TeacherCopy:zxing:unspecified] AndroidManifest.xml:89:17-76
	android:name
		ADDED from [MDM_TeacherCopy:zxing:unspecified] AndroidManifest.xml:89:27-73
intent-filter#android.intent.action.VIEW+android.intent.category.BROWSABLE+android.intent.category.DEFAULT
ADDED from [MDM_TeacherCopy:zxing:unspecified] AndroidManifest.xml:92:13-102:29
action#android.intent.action.VIEW
ADDED from [MDM_TeacherCopy:zxing:unspecified] AndroidManifest.xml:93:17-69
	android:name
		ADDED from [MDM_TeacherCopy:zxing:unspecified] AndroidManifest.xml:93:25-66
category#android.intent.category.BROWSABLE
ADDED from [MDM_TeacherCopy:zxing:unspecified] AndroidManifest.xml:96:17-78
	android:name
		ADDED from [MDM_TeacherCopy:zxing:unspecified] AndroidManifest.xml:96:27-75
data
ADDED from [MDM_TeacherCopy:zxing:unspecified] AndroidManifest.xml:98:17-101:45
	android:path
		ADDED from [MDM_TeacherCopy:zxing:unspecified] AndroidManifest.xml:100:21-41
	android:host
		ADDED from [MDM_TeacherCopy:zxing:unspecified] AndroidManifest.xml:99:21-53
	android:scheme
		ADDED from [MDM_TeacherCopy:zxing:unspecified] AndroidManifest.xml:101:21-42
activity#com.google.zxing.client.android.PreferencesActivity
ADDED from [MDM_TeacherCopy:zxing:unspecified] AndroidManifest.xml:140:9-143:45
	android:label
		ADDED from [MDM_TeacherCopy:zxing:unspecified] AndroidManifest.xml:142:13-53
	android:stateNotNeeded
		ADDED from [MDM_TeacherCopy:zxing:unspecified] AndroidManifest.xml:143:13-42
	android:name
		ADDED from [MDM_TeacherCopy:zxing:unspecified] AndroidManifest.xml:141:13-79
activity#com.google.zxing.client.android.encode.EncodeActivity
ADDED from [MDM_TeacherCopy:zxing:unspecified] AndroidManifest.xml:144:9-168:20
	android:stateNotNeeded
		ADDED from [MDM_TeacherCopy:zxing:unspecified] AndroidManifest.xml:146:13-42
	android:name
		ADDED from [MDM_TeacherCopy:zxing:unspecified] AndroidManifest.xml:145:13-81
intent-filter#android.intent.category.DEFAULT+com.google.zxing.client.android.ENCODE
ADDED from [MDM_TeacherCopy:zxing:unspecified] AndroidManifest.xml:147:13-151:29
action#com.google.zxing.client.android.ENCODE
ADDED from [MDM_TeacherCopy:zxing:unspecified] AndroidManifest.xml:148:17-81
	android:name
		ADDED from [MDM_TeacherCopy:zxing:unspecified] AndroidManifest.xml:148:25-78
intent-filter#android.intent.action.SEND+android.intent.category.DEFAULT
ADDED from [MDM_TeacherCopy:zxing:unspecified] AndroidManifest.xml:153:13-159:29
action#android.intent.action.SEND
ADDED from [MDM_TeacherCopy:zxing:unspecified] AndroidManifest.xml:154:17-69
	android:name
		ADDED from [MDM_TeacherCopy:zxing:unspecified] AndroidManifest.xml:154:25-66
activity#com.google.zxing.client.android.book.SearchBookContentsActivity
ADDED from [MDM_TeacherCopy:zxing:unspecified] AndroidManifest.xml:169:9-179:20
	android:screenOrientation
		ADDED from [MDM_TeacherCopy:zxing:unspecified] AndroidManifest.xml:172:13-56
	android:label
		ADDED from [MDM_TeacherCopy:zxing:unspecified] AndroidManifest.xml:171:13-45
	android:stateNotNeeded
		ADDED from [MDM_TeacherCopy:zxing:unspecified] AndroidManifest.xml:173:13-42
	android:name
		ADDED from [MDM_TeacherCopy:zxing:unspecified] AndroidManifest.xml:170:13-91
intent-filter#android.intent.category.DEFAULT+com.google.zxing.client.android.SEARCH_BOOK_CONTENTS
ADDED from [MDM_TeacherCopy:zxing:unspecified] AndroidManifest.xml:174:13-178:29
action#com.google.zxing.client.android.SEARCH_BOOK_CONTENTS
ADDED from [MDM_TeacherCopy:zxing:unspecified] AndroidManifest.xml:175:17-95
	android:name
		ADDED from [MDM_TeacherCopy:zxing:unspecified] AndroidManifest.xml:175:25-92
activity#com.google.zxing.client.android.share.ShareActivity
ADDED from [MDM_TeacherCopy:zxing:unspecified] AndroidManifest.xml:180:9-189:20
	android:screenOrientation
		ADDED from [MDM_TeacherCopy:zxing:unspecified] AndroidManifest.xml:182:13-45
	android:stateNotNeeded
		ADDED from [MDM_TeacherCopy:zxing:unspecified] AndroidManifest.xml:183:13-42
	android:name
		ADDED from [MDM_TeacherCopy:zxing:unspecified] AndroidManifest.xml:181:13-79
intent-filter#android.intent.category.DEFAULT+com.google.zxing.client.android.SHARE
ADDED from [MDM_TeacherCopy:zxing:unspecified] AndroidManifest.xml:184:13-188:29
action#com.google.zxing.client.android.SHARE
ADDED from [MDM_TeacherCopy:zxing:unspecified] AndroidManifest.xml:185:17-80
	android:name
		ADDED from [MDM_TeacherCopy:zxing:unspecified] AndroidManifest.xml:185:25-77
activity#com.google.zxing.client.android.history.HistoryActivity
ADDED from [MDM_TeacherCopy:zxing:unspecified] AndroidManifest.xml:190:9-193:45
	android:label
		ADDED from [MDM_TeacherCopy:zxing:unspecified] AndroidManifest.xml:192:13-50
	android:stateNotNeeded
		ADDED from [MDM_TeacherCopy:zxing:unspecified] AndroidManifest.xml:193:13-42
	android:name
		ADDED from [MDM_TeacherCopy:zxing:unspecified] AndroidManifest.xml:191:13-83
activity#com.google.zxing.client.android.share.BookmarkPickerActivity
ADDED from [MDM_TeacherCopy:zxing:unspecified] AndroidManifest.xml:194:9-197:45
	android:label
		ADDED from [MDM_TeacherCopy:zxing:unspecified] AndroidManifest.xml:196:13-57
	android:stateNotNeeded
		ADDED from [MDM_TeacherCopy:zxing:unspecified] AndroidManifest.xml:197:13-42
	android:name
		ADDED from [MDM_TeacherCopy:zxing:unspecified] AndroidManifest.xml:195:13-88
activity#com.google.zxing.client.android.share.AppPickerActivity
ADDED from [MDM_TeacherCopy:zxing:unspecified] AndroidManifest.xml:198:9-201:45
	android:label
		ADDED from [MDM_TeacherCopy:zxing:unspecified] AndroidManifest.xml:200:13-52
	android:stateNotNeeded
		ADDED from [MDM_TeacherCopy:zxing:unspecified] AndroidManifest.xml:201:13-42
	android:name
		ADDED from [MDM_TeacherCopy:zxing:unspecified] AndroidManifest.xml:199:13-83
activity#com.google.zxing.client.android.HelpActivity
ADDED from [MDM_TeacherCopy:zxing:unspecified] AndroidManifest.xml:202:9-206:45
	android:screenOrientation
		ADDED from [MDM_TeacherCopy:zxing:unspecified] AndroidManifest.xml:205:13-45
	android:label
		ADDED from [MDM_TeacherCopy:zxing:unspecified] AndroidManifest.xml:204:13-46
	android:stateNotNeeded
		ADDED from [MDM_TeacherCopy:zxing:unspecified] AndroidManifest.xml:206:13-42
	android:name
		ADDED from [MDM_TeacherCopy:zxing:unspecified] AndroidManifest.xml:203:13-72
activity#uk.co.senab.photoview.sample.LauncherActivity
ADDED from [MDM_TeacherCopy:photoview:unspecified] AndroidManifest.xml:16:9-25:20
	android:name
		ADDED from [MDM_TeacherCopy:photoview:unspecified] AndroidManifest.xml:16:19-79
activity#uk.co.senab.photoview.sample.SimpleSampleActivity
ADDED from [MDM_TeacherCopy:photoview:unspecified] AndroidManifest.xml:26:9-86
	android:name
		ADDED from [MDM_TeacherCopy:photoview:unspecified] AndroidManifest.xml:26:19-83
activity#uk.co.senab.photoview.sample.ViewPagerActivity
ADDED from [MDM_TeacherCopy:photoview:unspecified] AndroidManifest.xml:27:9-83
	android:name
		ADDED from [MDM_TeacherCopy:photoview:unspecified] AndroidManifest.xml:27:19-80
activity#com.leon.lfilepickerlibrary.ui.LFilePickerActivity
ADDED from [MDM_TeacherCopy:lfilepickerlibrary:unspecified] AndroidManifest.xml:14:9-17:20
	android:theme
		ADDED from [MDM_TeacherCopy:lfilepickerlibrary:unspecified] AndroidManifest.xml:16:13-51
	android:name
		ADDED from [MDM_TeacherCopy:lfilepickerlibrary:unspecified] AndroidManifest.xml:15:13-78